<?xml version="1.0" encoding="UTF-8"?>
<testsuites tests="3" failures="0" disabled="0" errors="0" time="0.001" timestamp="2020-08-08T23:46:48" name="AllTests">
  <testsuite name="GreaterTest" tests="3" failures="0" disabled="0" skipped="0" errors="0" time="0" timestamp="2020-08-08T23:46:48">
    <testcase name="AisGreater" status="run" result="completed" time="0" timestamp="2020-08-08T23:46:48" classname="GreaterTest" />
    <testcase name="BisGreater" status="run" result="completed" time="0" timestamp="2020-08-08T23:46:48" classname="GreaterTest" />
    <testcase name="CisGreater" status="run" result="completed" time="0" timestamp="2020-08-08T23:46:48" classname="GreaterTest" />
  </testsuite>
</testsuites>
